\BOOKMARK [1][-]{section.1}{\376\377\000E\000j\000e\000r\000c\000i\000c\000i\000o\000\040\0001\000:\000\040\000P\000i\000m\000a\000\040\000I\000n\000d\000i\000a\000n\000s\000\040\000D\000i\000a\000b\000e\000t\000e\000s}{}% 1
\BOOKMARK [2][-]{subsection.1.1}{\376\377\000C\000\363\000d\000i\000g\000o\000\040\000d\000e\000\040\000m\000u\000e\000s\000t\000r\000e\000o\000\040\000u\000t\000i\000l\000i\000z\000a\000d\000o}{section.1}% 2
\BOOKMARK [2][-]{subsection.1.2}{\376\377\000B\000a\000s\000e\000\040\000d\000e\000\040\000D\000a\000t\000o\000s}{section.1}% 3
\BOOKMARK [2][-]{subsection.1.3}{\376\377\000O\000b\000j\000e\000t\000i\000v\000o}{section.1}% 4
\BOOKMARK [2][-]{subsection.1.4}{\376\377\000T\000a\000r\000e\000a\000s\000\040\000R\000e\000q\000u\000e\000r\000i\000d\000a\000s}{section.1}% 5
\BOOKMARK [3][-]{subsubsection.1.4.1}{\376\377\000I\000m\000p\000l\000e\000m\000e\000n\000t\000a\000c\000i\000\363\000n\000\040\000d\000e\000\040\000M\000o\000d\000e\000l\000o\000s}{subsection.1.4}% 6
\BOOKMARK [2][-]{subsection.1.5}{\376\377\000R\000e\000g\000r\000e\000s\000i\000\363\000n\000\040\000L\000o\000g\000\355\000s\000t\000i\000c\000a}{section.1}% 7
\BOOKMARK [3][-]{subsubsection.1.5.1}{\376\377\000I\000n\000t\000e\000r\000p\000r\000e\000t\000a\000c\000i\000\363\000n\000\040\000d\000e\000\040\000l\000o\000s\000\040\000c\000o\000e\000f\000i\000c\000i\000e\000n\000t\000e\000s}{subsection.1.5}% 8
\BOOKMARK [3][-]{subsubsection.1.5.2}{\376\377\000V\000a\000r\000i\000a\000b\000l\000e\000s\000\040\000d\000e\000\040\000A\000l\000t\000o\000\040\000I\000m\000p\000a\000c\000t\000o}{subsection.1.5}% 9
\BOOKMARK [3][-]{subsubsection.1.5.3}{\376\377\000V\000a\000r\000i\000a\000b\000l\000e\000s\000\040\000d\000e\000\040\000I\000m\000p\000a\000c\000t\000o\000\040\000M\000o\000d\000e\000r\000a\000d\000o}{subsection.1.5}% 10
\BOOKMARK [3][-]{subsubsection.1.5.4}{\376\377\000H\000a\000l\000l\000a\000z\000g\000o\000s\000\040\000P\000a\000r\000t\000i\000c\000u\000l\000a\000r\000e\000s}{subsection.1.5}% 11
\BOOKMARK [3][-]{subsubsection.1.5.5}{\376\377\000V\000a\000r\000i\000a\000b\000l\000e\000s\000\040\000d\000e\000\040\000M\000e\000n\000o\000r\000\040\000I\000m\000p\000a\000c\000t\000o\000:}{subsection.1.5}% 12
\BOOKMARK [3][-]{subsubsection.1.5.6}{\376\377\000R\000e\000n\000d\000i\000m\000i\000e\000n\000t\000o\000\040\000d\000e\000l\000\040\000M\000o\000d\000e\000l\000o}{subsection.1.5}% 13
\BOOKMARK [3][-]{subsubsection.1.5.7}{\376\377\000I\000m\000p\000l\000i\000c\000a\000c\000i\000o\000n\000e\000s\000\040\000C\000l\000\355\000n\000i\000c\000a\000s}{subsection.1.5}% 14
\BOOKMARK [3][-]{subsubsection.1.5.8}{\376\377\000M\000\351\000t\000r\000i\000c\000a\000s\000\040\000d\000e\000\040\000R\000e\000n\000d\000i\000m\000i\000e\000n\000t\000o\000\040\000d\000e\000l\000\040\000M\000o\000d\000e\000l\000o\000\040\000R\000e\000g\000r\000e\000s\000i\000\363\000n\000\040\000L\000o\000g\000i\000s\000t\000i\000c\000a}{subsection.1.5}% 15
\BOOKMARK [2][-]{subsection.1.6}{\376\377\000K\000-\000N\000e\000a\000r\000e\000s\000t\000\040\000N\000e\000i\000g\000h\000b\000o\000r\000s\000\040\000\050\000K\000N\000N\000\051}{section.1}% 16
\BOOKMARK [3][-]{subsubsection.1.6.1}{\376\377\000I\000n\000t\000e\000r\000p\000r\000e\000t\000a\000c\000i\000\363\000n\000\040\000d\000e\000\040\000R\000e\000s\000u\000l\000t\000a\000d\000o\000s}{subsection.1.6}% 17
\BOOKMARK [2][-]{subsection.1.7}{\376\377\000L\000i\000n\000e\000a\000r\000\040\000D\000i\000s\000c\000r\000i\000m\000i\000n\000a\000n\000t\000\040\000A\000n\000a\000l\000y\000s\000i\000s\000\040\000\050\000L\000D\000A\000\051}{section.1}% 18
\BOOKMARK [3][-]{subsubsection.1.7.1}{\376\377\000I\000n\000t\000e\000r\000p\000r\000e\000t\000a\000c\000i\000\363\000n\000\040\000d\000e\000\040\000R\000e\000s\000u\000l\000t\000a\000d\000o\000s\000\040\000-\000\040\000L\000i\000n\000e\000a\000r\000\040\000D\000i\000s\000c\000r\000i\000m\000i\000n\000a\000n\000t\000\040\000A\000n\000a\000l\000y\000s\000i\000s}{subsection.1.7}% 19
\BOOKMARK [2][-]{subsection.1.8}{\376\377\000Q\000u\000a\000d\000r\000a\000t\000i\000c\000\040\000D\000i\000s\000c\000r\000i\000m\000i\000n\000a\000n\000t\000\040\000A\000n\000a\000l\000y\000s\000i\000s\000\040\000\050\000Q\000D\000A\000\051}{section.1}% 20
\BOOKMARK [3][-]{subsubsection.1.8.1}{\376\377\000I\000n\000t\000e\000r\000p\000r\000e\000t\000a\000c\000i\000\363\000n\000\040\000d\000e\000\040\000R\000e\000s\000u\000l\000t\000a\000d\000o\000s\000\040\000-\000\040\000Q\000u\000a\000d\000r\000a\000t\000i\000c\000\040\000D\000i\000s\000c\000r\000i\000m\000i\000n\000a\000n\000t\000\040\000A\000n\000a\000l\000y\000s\000i\000s}{subsection.1.8}% 21
\BOOKMARK [2][-]{subsection.1.9}{\376\377\000N\000a\000i\000v\000e\000\040\000B\000a\000y\000e\000s\000\040\000G\000a\000u\000s\000s\000i\000a\000n\000o}{section.1}% 22
\BOOKMARK [3][-]{subsubsection.1.9.1}{\376\377\000I\000n\000t\000e\000r\000p\000r\000e\000t\000a\000c\000i\000\363\000n\000\040\000d\000e\000\040\000R\000e\000s\000u\000l\000t\000a\000d\000o\000s\000\040\000-\000\040\000N\000a\000i\000v\000e\000\040\000B\000a\000y\000e\000s\000\040\000G\000a\000u\000s\000s\000i\000a\000n\000o}{subsection.1.9}% 23
\BOOKMARK [2][-]{subsection.1.10}{\376\377\0001\0000\000-\000f\000o\000l\000d\000\040\000C\000r\000o\000s\000s\000-\000V\000a\000l\000i\000d\000a\000t\000i\000o\000n}{section.1}% 24
\BOOKMARK [3][-]{subsubsection.1.10.1}{\376\377\000I\000n\000t\000e\000r\000p\000r\000e\000t\000a\000c\000i\000\363\000n\000\040\000d\000e\000\040\000R\000e\000s\000u\000l\000t\000a\000d\000o\000s\000\040\000-\000\040\0001\0000\000-\000f\000o\000l\000d\000\040\000C\000r\000o\000s\000s\000-\000V\000a\000l\000i\000d\000a\000t\000i\000o\000n}{subsection.1.10}% 25
\BOOKMARK [2][-]{subsection.1.11}{\376\377\000D\000i\000s\000c\000u\000s\000i\000\363\000n\000\040\000d\000e\000\040\000R\000e\000s\000u\000l\000t\000a\000d\000o\000s}{section.1}% 26
\BOOKMARK [3][-]{subsubsection.1.11.1}{\376\377\000C\000o\000n\000t\000e\000x\000t\000o\000\040\000M\000\351\000d\000i\000c\000o\000\040\000y\000\040\000R\000e\000l\000e\000v\000a\000n\000c\000i\000a\000\040\000C\000l\000\355\000n\000i\000c\000a}{subsection.1.11}% 27
\BOOKMARK [3][-]{subsubsection.1.11.2}{\376\377\000A\000n\000\341\000l\000i\000s\000i\000s\000\040\000C\000o\000m\000p\000a\000r\000a\000t\000i\000v\000o\000\040\000d\000e\000\040\000M\000o\000d\000e\000l\000o\000s}{subsection.1.11}% 28
\BOOKMARK [3][-]{subsubsection.1.11.3}{\376\377\000C\000o\000n\000s\000i\000d\000e\000r\000a\000c\000i\000o\000n\000e\000s\000\040\000E\000s\000p\000e\000c\000\355\000f\000i\000c\000a\000s\000\040\000d\000e\000l\000\040\000C\000o\000n\000t\000e\000x\000t\000o\000\040\000P\000i\000m\000a}{subsection.1.11}% 29
\BOOKMARK [3][-]{subsubsection.1.11.4}{\376\377\000R\000e\000c\000o\000m\000e\000n\000d\000a\000c\000i\000o\000n\000e\000s\000\040\000C\000l\000\355\000n\000i\000c\000a\000s\000\040\000B\000a\000s\000a\000d\000a\000s\000\040\000e\000n\000\040\000l\000o\000s\000\040\000R\000e\000s\000u\000l\000t\000a\000d\000o\000s}{subsection.1.11}% 30
\BOOKMARK [2][-]{subsection.1.12}{\376\377\000M\000a\000t\000r\000i\000z\000\040\000d\000e\000\040\000C\000o\000n\000f\000u\000s\000i\000\363\000n}{section.1}% 31
\BOOKMARK [2][-]{subsection.1.13}{\376\377\000C\000o\000n\000c\000l\000u\000s\000i\000\363\000n}{section.1}% 32
\BOOKMARK [1][-]{section.2}{\376\377\000E\000j\000e\000r\000c\000i\000c\000i\000o\000\040\0002\000:\000\040\000C\000a\000l\000i\000f\000o\000r\000n\000i\000a\000\040\000H\000o\000u\000s\000i\000n\000g}{}% 33
\BOOKMARK [2][-]{subsubsection.2.0.1}{\376\377\000B\000\372\000s\000q\000u\000e\000d\000a\000\040\000d\000e\000\040\000H\000i\000p\000e\000r\000p\000a\000r\000\341\000m\000e\000t\000r\000o\000s\000\040\000c\000o\000n\000\040\000G\000r\000i\000d\000\040\000S\000e\000a\000r\000c\000h\000:}{section.2}% 34
\BOOKMARK [3][-]{subsubsection.2.0.2}{\376\377\000E\000v\000a\000l\000u\000a\000c\000i\000\363\000n\000\040\000y\000\040\000C\000o\000m\000p\000a\000r\000a\000c\000i\000\363\000n\000\040\000d\000e\000\040\000M\000o\000d\000e\000l\000o\000:}{subsubsection.2.0.1}% 35
\BOOKMARK [3][-]{subsubsection.2.0.3}{\376\377\000A\000n\000\341\000l\000i\000s\000i\000s\000\040\000d\000e\000\040\000R\000e\000s\000u\000l\000t\000a\000d\000o\000s}{subsubsection.2.0.1}% 36
\BOOKMARK [3][-]{subsubsection.2.0.4}{\376\377\000C\000o\000n\000c\000l\000u\000s\000i\000\363\000n}{subsubsection.2.0.1}% 37
\BOOKMARK [1][-]{section.3}{\376\377\000R\000e\000f\000e\000r\000e\000n\000c\000i\000a\000s}{}% 38
